<?xml version="1.0" encoding="UTF-8"?>
<testsuite name="Login Dafiti" tests="1" skipped="0" failures="0" errors="0" timestamp="2018-12-03T03:01:53" hostname="Stroop-PC" time="22.903">
  <properties/>
  <testcase name="login with correct credentials" classname="Login Dafiti" time="22.903"/>
  <system-out><![CDATA[]]></system-out>
  <system-err><![CDATA[dic 02, 2018 10:01:53 PM org.openqa.selenium.remote.DesiredCapabilities chrome
INFORMACIÓN: Using `new ChromeOptions()` is preferred to `DesiredCapabilities.chrome()`
dic 02, 2018 10:01:55 PM org.openqa.selenium.remote.ProtocolHandshake createSession
INFORMACIÓN: Detected dialect: OSS
[Test worker] INFO net.thucydides.core.steps.ConsoleLoggingListener - 
        __    _____ _____ ____ _____   ____   _    ____  ____  _____ ____  
  _     \ \  |_   _| ____/ ___|_   _| |  _ \ / \  / ___|/ ___|| ____|  _ \ 
 (_)_____| |   | | |  _| \___ \ | |   | |_) / _ \ \___ \\___ \|  _| | | | |
  _|_____| |   | | | |___ ___) || |   |  __/ ___ \ ___) |___) | |___| |_| |
 (_)     | |   |_| |_____|____/ |_|   |_| /_/   \_\____/|____/|_____|____/ 
        /_/                                                                

TEST PASSED: login with correct credentials
----------------------------------------------------------------------------
]]></system-err>
</testsuite>
